<?xml version="1.0" encoding="UTF-8" ?><testsuite errors="0" name="jasmine.specs" tests="1" failures="0" skipped="0" hostname="localhost" time="0.0" timestamp="2013-12-14T22:52:43"><testcase classname="jasmine" name="MyApp Validation expects moment.min.js to be available and functional" time="0.0" failure="false"/></testsuite>